<?xml version="1.0" encoding="UTF-8"?>
<!-- Generated by org.testng.reporters.JUnitXMLReporter -->
<testsuite hostname="IS-KBDR15S1" ignored="0" name="TestNG DataDriven" tests="5" failures="0" timestamp="30 Jan 2020 07:01:03 GMT" time="65.781" errors="0">
  <testcase name="RegPageTest" time="1.413" classname="testNGDataDriven.TestNGDataProvider"/>
  <testcase name="RegPageTest" time="1.061" classname="testNGDataDriven.TestNGDataProvider"/>
  <testcase name="RegPageTest" time="0.87" classname="testNGDataDriven.TestNGDataProvider"/>
  <testcase name="RegPageTest" time="1.046" classname="testNGDataDriven.TestNGDataProvider"/>
  <testcase name="RegPageTest" time="1.008" classname="testNGDataDriven.TestNGDataProvider"/>
</testsuite> <!-- TestNG DataDriven -->
