<?xml version="1.0" encoding="UTF-8"?>
<!-- Generated by org.testng.reporters.JUnitXMLReporter -->
<testsuite hostname="IS-KBDR15S1" ignored="0" name="TestNG RetryLogicTest" tests="26" failures="2" timestamp="28 Jan 2020 10:17:07 GMT" time="0.115" errors="0">
  <testcase name="Test1" time="0.015" classname="testNGRetryLogic.TestNGRetryLogicTest"/>
  <testcase name="Test2" time="0.001" classname="testNGRetryLogic.TestNGRetryLogicTest"/>
  <testcase name="Test3" time="0.002" classname="testNGRetryLogic.TestNGRetryLogicTest"/>
  <testcase name="Test4" time="0.004" classname="testNGRetryLogic.TestNGRetryLogicTest">
    <skipped/>
  </testcase> <!-- Test4 -->
  <testcase name="Test4" time="0.002" classname="testNGRetryLogic.TestNGRetryLogicTest">
    <skipped/>
  </testcase> <!-- Test4 -->
  <testcase name="Test4" time="0.001" classname="testNGRetryLogic.TestNGRetryLogicTest">
    <skipped/>
  </testcase> <!-- Test4 -->
  <testcase name="Test4" time="0.001" classname="testNGRetryLogic.TestNGRetryLogicTest">
    <skipped/>
  </testcase> <!-- Test4 -->
  <testcase name="Test4" time="0.001" classname="testNGRetryLogic.TestNGRetryLogicTest">
    <skipped/>
  </testcase> <!-- Test4 -->
  <testcase name="Test4" time="0.001" classname="testNGRetryLogic.TestNGRetryLogicTest">
    <skipped/>
  </testcase> <!-- Test4 -->
  <testcase name="Test4" time="0.001" classname="testNGRetryLogic.TestNGRetryLogicTest">
    <skipped/>
  </testcase> <!-- Test4 -->
  <testcase name="Test4" time="0.001" classname="testNGRetryLogic.TestNGRetryLogicTest">
    <skipped/>
  </testcase> <!-- Test4 -->
  <testcase name="Test4" time="0.001" classname="testNGRetryLogic.TestNGRetryLogicTest">
    <skipped/>
  </testcase> <!-- Test4 -->
  <testcase name="Test4" time="0.002" classname="testNGRetryLogic.TestNGRetryLogicTest">
    <skipped/>
  </testcase> <!-- Test4 -->
  <testcase name="Test4" time="0.001" classname="testNGRetryLogic.TestNGRetryLogicTest">
    <failure type="java.lang.AssertionError" message="expected [true] but found [false]">
      <![CDATA[java.lang.AssertionError: expected [true] but found [false]
at testNGRetryLogic.TestNGRetryLogicTest.Test4(TestNGRetryLogicTest.java:30)
... Removed 31 stack frames]]>
    </failure>
  </testcase> <!-- Test4 -->
  <testcase name="Test5" time="0.001" classname="testNGRetryLogic.TestNGRetryLogicTest"/>
  <testcase name="Test6" time="0.001" classname="testNGRetryLogic.TestNGRetryLogicTest">
    <skipped/>
  </testcase> <!-- Test6 -->
  <testcase name="Test6" time="0.003" classname="testNGRetryLogic.TestNGRetryLogicTest">
    <skipped/>
  </testcase> <!-- Test6 -->
  <testcase name="Test6" time="0.001" classname="testNGRetryLogic.TestNGRetryLogicTest">
    <skipped/>
  </testcase> <!-- Test6 -->
  <testcase name="Test6" time="0.0" classname="testNGRetryLogic.TestNGRetryLogicTest">
    <skipped/>
  </testcase> <!-- Test6 -->
  <testcase name="Test6" time="0.001" classname="testNGRetryLogic.TestNGRetryLogicTest">
    <skipped/>
  </testcase> <!-- Test6 -->
  <testcase name="Test6" time="0.001" classname="testNGRetryLogic.TestNGRetryLogicTest">
    <skipped/>
  </testcase> <!-- Test6 -->
  <testcase name="Test6" time="0.001" classname="testNGRetryLogic.TestNGRetryLogicTest">
    <skipped/>
  </testcase> <!-- Test6 -->
  <testcase name="Test6" time="0.001" classname="testNGRetryLogic.TestNGRetryLogicTest">
    <skipped/>
  </testcase> <!-- Test6 -->
  <testcase name="Test6" time="0.0" classname="testNGRetryLogic.TestNGRetryLogicTest">
    <skipped/>
  </testcase> <!-- Test6 -->
  <testcase name="Test6" time="0.001" classname="testNGRetryLogic.TestNGRetryLogicTest">
    <skipped/>
  </testcase> <!-- Test6 -->
  <testcase name="Test6" time="0.001" classname="testNGRetryLogic.TestNGRetryLogicTest">
    <failure type="java.lang.AssertionError" message="expected [true] but found [false]">
      <![CDATA[java.lang.AssertionError: expected [true] but found [false]
at testNGRetryLogic.TestNGRetryLogicTest.Test6(TestNGRetryLogicTest.java:40)
... Removed 31 stack frames]]>
    </failure>
  </testcase> <!-- Test6 -->
</testsuite> <!-- TestNG RetryLogicTest -->
