<?xml version="1.0" encoding="UTF-8"?>
<!-- Generated by org.testng.reporters.JUnitXMLReporter -->
<testsuite hostname="IS-KBDR15S1" ignored="0" name="Hands on TestNG features" tests="13" failures="1" timestamp="09 Oct 2019 10:20:15 GMT" time="15.135" errors="0">
  <testcase name="Display" time="0.016" classname="com.test.TestNGInvocationCount"/>
  <testcase name="DisplayMultipleTimes" time="0.0" classname="com.test.TestNGInvocationCount"/>
  <testcase name="DisplayMultipleTimes" time="0.015" classname="com.test.TestNGInvocationCount"/>
  <testcase name="DisplayMultipleTimes" time="0.0" classname="com.test.TestNGInvocationCount"/>
  <testcase name="DisplayMultipleTimes" time="0.0" classname="com.test.TestNGInvocationCount"/>
  <testcase name="DisplayMultipleTimes" time="0.0" classname="com.test.TestNGInvocationCount"/>
  <testcase name="DisplayMultipleTimes" time="0.0" classname="com.test.TestNGInvocationCount"/>
  <testcase name="DisplayMultipleTimes" time="0.0" classname="com.test.TestNGInvocationCount"/>
  <testcase name="DisplayMultipleTimes" time="0.0" classname="com.test.TestNGInvocationCount"/>
  <testcase name="DisplayMultipleTimes" time="0.0" classname="com.test.TestNGInvocationCount"/>
  <testcase name="DisplayMultipleTimes" time="0.015" classname="com.test.TestNGInvocationCount"/>
  <testcase name="LogoTest" time="0.084" classname="com.test.TestNGAssertions"/>
  <testcase name="TitleTest" time="0.015" classname="com.test.TestNGAssertions">
    <failure type="java.lang.AssertionError" message="--XX Title mismatched XX-- expected [Google1] but found [Google]">
      <![CDATA[java.lang.AssertionError: --XX Title mismatched XX-- expected [Google1] but found [Google]
at com.test.TestNGAssertions.TitleTest(TestNGAssertions.java:34)
... Removed 30 stack frames]]>
    </failure>
  </testcase> <!-- TitleTest -->
</testsuite> <!-- Hands on TestNG features -->
