<?xml version="1.0" encoding="UTF-8"?>
<!-- Generated by org.testng.reporters.JUnitXMLReporter -->
<testsuite hostname="IS-KBDR15S1" ignored="2" name="TestNG Hands-on" tests="6" failures="0" timestamp="20 Mar 2019 11:32:11 GMT" time="36.726" errors="0">
  <testcase name="logoutTest" time="0.642" classname="test2.ClassOne"/>
  <testcase name="exportButtonExist" time="0.443" classname="test2.ClassTwo"/>
  <testcase name="invNoType" time="0.559" classname="test2.ClassTwo"/>
  <testcase name="pNameType" time="0.428" classname="test2.ClassTwo"/>
  <testcase name="poNoType" time="2.539" classname="test2.ClassTwo"/>
  <testcase name="searchButtonExist" time="0.409" classname="test2.ClassTwo"/>
  <testcase name="clearButtonExist" time="0.0" classname="test2.ClassTwo">
    <ignored/>
  </testcase> <!-- clearButtonExist -->
  <testcase name="logoutCancelTest" time="0.0" classname="test2.ClassOne">
    <ignored/>
  </testcase> <!-- logoutCancelTest -->
</testsuite> <!-- TestNG Hands-on -->
